

***********************************************************************
Fatal NI connect error 12560, connecting to:
 (DESCRIPTION=(ADDRESS=(PROTOCOL=TCP)(HOST=db.dev.ark.taobao.net)(PORT=1521))(CONNECT_DATA=(SERVICE_NAME=ark)(SERVER=DEDICATED)(CID=(PROGRAM=D:\cygwin\usr\local\bin\ruby.exe)(HOST=T-ZHUSHI)(USER=zhushi))))

  VERSION INFORMATION:
	TNS for 32-bit Windows: Version 10.2.0.2.0 - Production
	Windows NT TCP/IP NT Protocol Adapter for 32-bit Windows: Version 10.2.0.2.0 - Production
  Time: 18-5ÔÂ -2010 23:08:44
  Tracing not turned on.
  Tns error struct:
    ns main err code: 12560
    TNS-12560: Message 12560 not found; No message file for product=NETWORK, facility=TNS
    ns secondary err code: 0
    nt main err code: 538
    TNS-00538: Message 538 not found; No message file for product=NETWORK, facility=TNS
    nt secondary err code: 65
    nt OS err code: 0


***********************************************************************
Fatal NI connect error 12560, connecting to:
 (DESCRIPTION=(ADDRESS=(PROTOCOL=TCP)(HOST=db.dev.ark.taobao.net)(PORT=1521))(CONNECT_DATA=(SERVICE_NAME=ark)(SERVER=DEDICATED)(CID=(PROGRAM=D:\cygwin\usr\local\bin\ruby.exe)(HOST=T-ZHUSHI)(USER=zhushi))))

  VERSION INFORMATION:
	TNS for 32-bit Windows: Version 10.2.0.2.0 - Production
	Windows NT TCP/IP NT Protocol Adapter for 32-bit Windows: Version 10.2.0.2.0 - Production
  Time: 18-5ÔÂ -2010 23:09:00
  Tracing not turned on.
  Tns error struct:
    ns main err code: 12560
    TNS-12560: Message 12560 not found; No message file for product=NETWORK, facility=TNS
    ns secondary err code: 0
    nt main err code: 538
    TNS-00538: Message 538 not found; No message file for product=NETWORK, facility=TNS
    nt secondary err code: 65
    nt OS err code: 0


***********************************************************************
Fatal NI connect error 12514, connecting to:
 (DESCRIPTION=(CONNECT_DATA=(SERVICE_NAME=dev-ark)(CID=(PROGRAM=D:\cygwin\usr\local\bin\ruby.exe)(HOST=T-ZHUSHI)(USER=zhushi)))(ADDRESS=(PROTOCOL=TCP)(HOST=192.168.205.49)(PORT=1521)))

  VERSION INFORMATION:
	TNS for 32-bit Windows: Version 10.2.0.2.0 - Production
	Windows NT TCP/IP NT Protocol Adapter for 32-bit Windows: Version 10.2.0.2.0 - Production
  Time: 21-5ÔÂ -2010 16:08:25
  Tracing not turned on.
  Tns error struct:
    ns main err code: 12564
    TNS-12564: Message 12564 not found; No message file for product=NETWORK, facility=TNS
    ns secondary err code: 0
    nt main err code: 0
    nt secondary err code: 0
    nt OS err code: 0
